<?xml version="1.0" encoding="UTF-8"?>
<!-- Generated by org.testng.reporters.JUnitReportReporter -->
<testsuite name="com.hybridFramework.productDetailsPage.VerifyLowestFirstPriceFilter" tests="1" time="0.003" ignored="7" failures="0" timestamp="10 Nov 2017 11:21:38 GMT" skipped="1" hostname="user-PC" errors="0">
  <testcase name="verifyLowestFirstPriceListInProduct_deatilsPage" time="0.003" classname="com.hybridFramework.productDetailsPage.VerifyLowestFirstPriceFilter">
    <skipped/>
  </testcase> <!-- verifyLowestFirstPriceListInProduct_deatilsPage -->
  <testcase name="launchBrowser" classname="com.hybridFramework.testBase.TestBase">
    <skipped/>
  </testcase> <!-- launchBrowser -->
  <testcase name="launchBrowser" classname="com.hybridFramework.testBase.TestBase">
    <skipped/>
  </testcase> <!-- launchBrowser -->
  <testcase name="launchBrowser" classname="com.hybridFramework.testBase.TestBase">
    <skipped/>
  </testcase> <!-- launchBrowser -->
  <testcase name="launchBrowser" classname="com.hybridFramework.testBase.TestBase">
    <skipped/>
  </testcase> <!-- launchBrowser -->
  <testcase name="launchBrowser" classname="com.hybridFramework.testBase.TestBase">
    <skipped/>
  </testcase> <!-- launchBrowser -->
  <testcase name="launchBrowser" classname="com.hybridFramework.testBase.TestBase">
    <skipped/>
  </testcase> <!-- launchBrowser -->
  <testcase name="launchBrowser" classname="com.hybridFramework.testBase.TestBase">
    <skipped/>
  </testcase> <!-- launchBrowser -->
</testsuite> <!-- com.hybridFramework.productDetailsPage.VerifyLowestFirstPriceFilter -->
